<?xml version="1.0" encoding="utf-8" standalone="no"?>
<!--This file represents the results of running a test suite-->
<test-results name="D:\Projects\SearchWithoutTags\SearchWithoutTags\bin\Debug\SearchWithoutTags.dll" total="2" errors="0" failures="0" not-run="0" inconclusive="0" ignored="0" skipped="0" invalid="0" date="2016-12-05" time="17:38:27">
  <environment nunit-version="2.6.4.14350" clr-version="4.0.30319.42000" os-version="Microsoft Windows NT 6.1.7601 Service Pack 1" platform="Win32NT" cwd="D:\Projects\SearchWithoutTags\SearchWithoutTags\bin\Debug" machine-name="ESW151" user="Eugene.Parakhonko" user-domain="ES" />
  <culture-info current-culture="en-GB" current-uiculture="en-US" />
  <test-suite type="Assembly" name="D:\Projects\SearchWithoutTags\SearchWithoutTags\bin\Debug\SearchWithoutTags.dll" executed="True" result="Success" success="True" time="3.717" asserts="0">
    <results>
      <test-suite type="Namespace" name="SearchWithoutTags" executed="True" result="Success" success="True" time="3.710" asserts="0">
        <results>
          <test-suite type="TestFixture" name="Test1" executed="True" result="Success" success="True" time="3.710" asserts="0">
            <results>
              <test-suite type="ParameterizedTest" name="TestMethod1" executed="True" result="Success" success="True" time="3.705" asserts="0">
                <results>
                  <test-case name="SearchWithoutTags.Test1.TestMethod1(&quot;Query&quot;,&quot;UK 100&quot;)" executed="True" result="Success" success="True" time="2.026" asserts="0" />
                  <test-case name="SearchWithoutTags.Test1.TestMethod1(&quot;Query&quot;,&quot;EUR&quot;)" executed="True" result="Success" success="True" time="1.666" asserts="0" />
                </results>
              </test-suite>
            </results>
          </test-suite>
        </results>
      </test-suite>
    </results>
  </test-suite>
</test-results>